Using pre-set license
Built from '2020.3/staging' branch; Version is '2020.3.4f1 (0abb6314276a) revision 703331'; Using compiler version '192528614'; Build Type 'Release'
OS: 'Windows 10 Pro; OS build 19041.928; Version 2004; 64bit' Language: 'ko' Physical Memory: 8154 MB
BatchMode: 1, IsHumanControllingUs: 0, StartBugReporterOnCrash: 0, Is64bit: 1, IsPro: 0

 COMMAND LINE ARGUMENTS:
C:\Program Files\Unity\Hub\Editor\2020.3.4f1\Editor\Unity.exe
-adb2
-batchMode
-noUpm
-name
AssetImportWorker0
-projectPath
C:/Users/godjh/Desktop/New Unity Project
-logFile
Logs/AssetImportWorker0.log
-srvPort
3812
Successfully changed project path to: C:/Users/godjh/Desktop/New Unity Project
C:/Users/godjh/Desktop/New Unity Project
Using Asset Import Pipeline V2.
Refreshing native plugins compatible for Editor in 75.79 ms, found 0 plugins.
Preloading 0 native plugins for Editor in 0.00 ms.
Initialize engine version: 2020.3.4f1 (0abb6314276a)
[Subsystems] Discovering subsystems at path C:/Program Files/Unity/Hub/Editor/2020.3.4f1/Editor/Data/Resources/UnitySubsystems
[Subsystems] Discovering subsystems at path C:/Users/godjh/Desktop/New Unity Project/Assets
GfxDevice: creating device client; threaded=0
Direct3D:
    Version:  Direct3D 11.0 [level 11.1]
    Renderer: NVIDIA GeForce GTX 1050 Ti (ID=0x1c82)
    Vendor:   
    VRAM:     4018 MB
    Driver:   27.21.14.5671
Initialize mono
Mono path[0] = 'C:/Program Files/Unity/Hub/Editor/2020.3.4f1/Editor/Data/Managed'
Mono path[1] = 'C:/Program Files/Unity/Hub/Editor/2020.3.4f1/Editor/Data/MonoBleedingEdge/lib/mono/unityjit'
Mono config path = 'C:/Program Files/Unity/Hub/Editor/2020.3.4f1/Editor/Data/MonoBleedingEdge/etc'
Using monoOptions --debugger-agent=transport=dt_socket,embedding=1,server=y,suspend=n,address=127.0.0.1:56544
Begin MonoManager ReloadAssembly
Registering precompiled unity dll's ...
Register platform support module: C:/Program Files/Unity/Hub/Editor/2020.3.4f1/Editor/Data/PlaybackEngines/WebGLSupport/UnityEditor.WebGL.Extensions.dll
Register platform support module: C:/Program Files/Unity/Hub/Editor/2020.3.4f1/Editor/Data/PlaybackEngines/WindowsStandaloneSupport/UnityEditor.WindowsStandalone.Extensions.dll
Registered in 0.005409 seconds.
Native extension for WindowsStandalone target not found
Native extension for WebGL target not found
Refreshing native plugins compatible for Editor in 59.42 ms, found 0 plugins.
Preloading 0 native plugins for Editor in 0.00 ms.
Mono: successfully reloaded assembly
- Completed reload, in  3.228 seconds
Platform modules already initialized, skipping
Registering precompiled user dll's ...
Registered in 0.008181 seconds.
Begin MonoManager ReloadAssembly
Native extension for WindowsStandalone target not found
Native extension for WebGL target not found
Refreshing native plugins compatible for Editor in 0.56 ms, found 0 plugins.
Preloading 0 native plugins for Editor in 0.00 ms.
Mono: successfully reloaded assembly
- Completed reload, in  1.224 seconds
Platform modules already initialized, skipping
========================================================================
Worker process is ready to serve import requests
Launched and connected shader compiler UnityShaderCompiler.exe after 0.08 seconds
Refreshing native plugins compatible for Editor in 0.63 ms, found 0 plugins.
Preloading 0 native plugins for Editor in 0.00 ms.
Unloading 1777 Unused Serialized files (Serialized files now loaded: 0)
System memory in use before: 78.6 MB.
System memory in use after: 78.7 MB.

Unloading 48 unused Assets to reduce memory usage. Loaded Objects now: 2191.
Total: 5.755200 ms (FindLiveObjects: 0.347900 ms CreateObjectMapping: 0.151400 ms MarkObjects: 5.128500 ms  DeleteObjects: 0.125200 ms)

========================================================================
Received Import Request.
  path: Assets/Plugins
  artifactKey: Guid(99c717ddb23beef48b994ddb23a12290) Importer(815301076,1909f56bfc062723c751e8b465ee728b)
Start importing Assets/Plugins using Guid(99c717ddb23beef48b994ddb23a12290) Importer(815301076,1909f56bfc062723c751e8b465ee728b)  -> (artifact id: 'fd29716191de8d88abdb2bb72f7d33a0') in 0.011323 seconds
  Import took 0.015232 seconds .

========================================================================
Received Import Request.
  Time since last request: 8.649019 seconds.
  path: Assets/Plugins/Android/SubActivity.kt
  artifactKey: Guid(395531acb029458439beb7f0b1285580) Importer(815301076,1909f56bfc062723c751e8b465ee728b)
Start importing Assets/Plugins/Android/SubActivity.kt using Guid(395531acb029458439beb7f0b1285580) Importer(815301076,1909f56bfc062723c751e8b465ee728b)  -> (artifact id: '50074207665a3240306bad9a8c75940d') in 0.079887 seconds
  Import took 0.085828 seconds .

========================================================================
Received Import Request.
  Time since last request: 0.003363 seconds.
  path: Assets/Plugins/Android/SubActivity.kt
  artifactKey: Guid(395531acb029458439beb7f0b1285580) Importer(815301076,1909f56bfc062723c751e8b465ee728b)
Start importing Assets/Plugins/Android/SubActivity.kt using Guid(395531acb029458439beb7f0b1285580) Importer(815301076,1909f56bfc062723c751e8b465ee728b)  -> (artifact id: '50074207665a3240306bad9a8c75940d') in 0.005898 seconds
  Import took 0.010498 seconds .

========================================================================
Received Import Request.
  Time since last request: 30.285196 seconds.
  path: Assets/Plugins/Android/UnityPlayerActivity.java
  artifactKey: Guid(9a8250044cf27c149a4913814d90f060) Importer(815301076,1909f56bfc062723c751e8b465ee728b)
Start importing Assets/Plugins/Android/UnityPlayerActivity.java using Guid(9a8250044cf27c149a4913814d90f060) Importer(815301076,1909f56bfc062723c751e8b465ee728b)  -> (artifact id: '53e4b758d34595426c2e5385d34c99f3') in 0.015364 seconds
  Import took 0.019547 seconds .

========================================================================
Received Import Request.
  Time since last request: 2.188097 seconds.
  path: Assets/Plugins/Android/SubActivity.kt
  artifactKey: Guid(395531acb029458439beb7f0b1285580) Importer(815301076,1909f56bfc062723c751e8b465ee728b)
Start importing Assets/Plugins/Android/SubActivity.kt using Guid(395531acb029458439beb7f0b1285580) Importer(815301076,1909f56bfc062723c751e8b465ee728b)  -> (artifact id: 'bca423e4e9c8651b8bbd58cff09f69e3') in 0.009077 seconds
  Import took 0.014650 seconds .

========================================================================
Received Prepare
Registering precompiled user dll's ...
Registered in 0.007065 seconds.
Begin MonoManager ReloadAssembly
Native extension for WindowsStandalone target not found
Native extension for WebGL target not found
Refreshing native plugins compatible for Editor in 0.67 ms, found 0 plugins.
Preloading 0 native plugins for Editor in 0.00 ms.
Mono: successfully reloaded assembly
- Completed reload, in  1.272 seconds
Platform modules already initialized, skipping
Refreshing native plugins compatible for Editor in 0.56 ms, found 0 plugins.
Preloading 0 native plugins for Editor in 0.00 ms.
Unloading 1772 Unused Serialized files (Serialized files now loaded: 0)
System memory in use before: 78.6 MB.
System memory in use after: 78.7 MB.

Unloading 39 unused Assets to reduce memory usage. Loaded Objects now: 2194.
Total: 6.685500 ms (FindLiveObjects: 0.248600 ms CreateObjectMapping: 0.102900 ms MarkObjects: 6.301800 ms  DeleteObjects: 0.030300 ms)

========================================================================
Received Import Request.
  Time since last request: 1581.047275 seconds.
  path: Assets/Resources/ETC/R.png
  artifactKey: Guid(5079529e2a4c574479d166d48ec3a909) Importer(815301076,1909f56bfc062723c751e8b465ee728b)
Start importing Assets/Resources/ETC/R.png using Guid(5079529e2a4c574479d166d48ec3a909) Importer(815301076,1909f56bfc062723c751e8b465ee728b)  -> (artifact id: '7084ad4e50e56d6ea66772f5e3099cba') in 0.231841 seconds
  Import took 0.237997 seconds .

========================================================================
Received Prepare
Registering precompiled user dll's ...
Registered in 0.007334 seconds.
Begin MonoManager ReloadAssembly
Native extension for WindowsStandalone target not found
Native extension for WebGL target not found
Refreshing native plugins compatible for Editor in 0.58 ms, found 0 plugins.
Preloading 0 native plugins for Editor in 0.00 ms.
Mono: successfully reloaded assembly
- Completed reload, in  1.212 seconds
Platform modules already initialized, skipping
Refreshing native plugins compatible for Editor in 0.57 ms, found 0 plugins.
Preloading 0 native plugins for Editor in 0.00 ms.
Unloading 1772 Unused Serialized files (Serialized files now loaded: 0)
System memory in use before: 81.7 MB.
System memory in use after: 81.8 MB.

Unloading 39 unused Assets to reduce memory usage. Loaded Objects now: 2210.
Total: 6.420600 ms (FindLiveObjects: 0.246000 ms CreateObjectMapping: 0.087900 ms MarkObjects: 6.040300 ms  DeleteObjects: 0.044400 ms)

========================================================================
Received Import Request.
  Time since last request: 2128.573170 seconds.
  path: Assets/Scripts/ChatManager.cs
  artifactKey: Guid(0326ab61c00ca8c4a9611e3256c97bff) Importer(815301076,1909f56bfc062723c751e8b465ee728b)
Start importing Assets/Scripts/ChatManager.cs using Guid(0326ab61c00ca8c4a9611e3256c97bff) Importer(815301076,1909f56bfc062723c751e8b465ee728b)  -> (artifact id: 'e8da020a6c70c617577080cfbc9adb08') in 0.024639 seconds
  Import took 0.028303 seconds .

========================================================================
Received Prepare
Registering precompiled user dll's ...
Registered in 0.008026 seconds.
Begin MonoManager ReloadAssembly
Native extension for WindowsStandalone target not found
Native extension for WebGL target not found
Refreshing native plugins compatible for Editor in 0.58 ms, found 0 plugins.
Preloading 0 native plugins for Editor in 0.00 ms.
Mono: successfully reloaded assembly
- Completed reload, in  1.270 seconds
Platform modules already initialized, skipping
Switching build target platform(5) subTarget(0) extendedPlatform(0) -> platform(13) subTarget(589824) extendedPlatform(0)
Refreshing native plugins compatible for Editor in 0.55 ms, found 0 plugins.
Preloading 0 native plugins for Editor in 0.00 ms.
Unloading 1776 Unused Serialized files (Serialized files now loaded: 0)
System memory in use before: 81.8 MB.
System memory in use after: 81.9 MB.

Unloading 39 unused Assets to reduce memory usage. Loaded Objects now: 2213.
Total: 5.884700 ms (FindLiveObjects: 0.268600 ms CreateObjectMapping: 0.074500 ms MarkObjects: 5.513600 ms  DeleteObjects: 0.026900 ms)

AssetImportParameters requested are different than current active one (requested -> active):
  custom:graphics/normal-map-encoding: 01000000000000000000000000000000 -> 02000000000000000000000000000000
========================================================================
Received Prepare
Refreshing native plugins compatible for Editor in 14.99 ms, found 0 plugins.
Preloading 0 native plugins for Editor in 0.00 ms.
Unloading 38 Unused Serialized files (Serialized files now loaded: 0)
System memory in use before: 47.5 MB.
System memory in use after: 47.6 MB.

Unloading 37 unused Assets to reduce memory usage. Loaded Objects now: 2213.
Total: 5.965500 ms (FindLiveObjects: 0.340400 ms CreateObjectMapping: 0.106800 ms MarkObjects: 5.495100 ms  DeleteObjects: 0.022300 ms)

========================================================================
Received Prepare
Refreshing native plugins compatible for Editor in 15.56 ms, found 0 plugins.
Preloading 0 native plugins for Editor in 0.00 ms.
Unloading 38 Unused Serialized files (Serialized files now loaded: 0)
System memory in use before: 47.5 MB.
System memory in use after: 47.6 MB.

Unloading 37 unused Assets to reduce memory usage. Loaded Objects now: 2213.
Total: 6.193600 ms (FindLiveObjects: 0.215900 ms CreateObjectMapping: 0.088300 ms MarkObjects: 5.859800 ms  DeleteObjects: 0.027700 ms)

AssetImportWorkerClient::OnTransportError - code=2 error=End of file
