Using pre-set license
Built from '2020.3/staging' branch; Version is '2020.3.4f1 (0abb6314276a) revision 703331'; Using compiler version '192528614'; Build Type 'Release'
OS: 'Windows 10 Pro; OS build 19043.1110; Version 2009; 64bit' Language: 'ko' Physical Memory: 8154 MB
BatchMode: 1, IsHumanControllingUs: 0, StartBugReporterOnCrash: 0, Is64bit: 1, IsPro: 0

 COMMAND LINE ARGUMENTS:
C:\Program Files\Unity\Hub\Editor\2020.3.4f1\Editor\Unity.exe
-adb2
-batchMode
-noUpm
-name
AssetImportWorker2
-projectPath
D:/git/3d
-logFile
Logs/AssetImportWorker2.log
-srvPort
8120
Successfully changed project path to: D:/git/3d
D:/git/3d
Using Asset Import Pipeline V2.
Refreshing native plugins compatible for Editor in 62.24 ms, found 0 plugins.
Preloading 0 native plugins for Editor in 0.00 ms.
Initialize engine version: 2020.3.4f1 (0abb6314276a)
[Subsystems] Discovering subsystems at path C:/Program Files/Unity/Hub/Editor/2020.3.4f1/Editor/Data/Resources/UnitySubsystems
[Subsystems] Discovering subsystems at path D:/git/3d/Assets
GfxDevice: creating device client; threaded=0
Direct3D:
    Version:  Direct3D 11.0 [level 11.1]
    Renderer: NVIDIA GeForce GTX 1050 Ti (ID=0x1c82)
    Vendor:   
    VRAM:     4018 MB
    Driver:   27.21.14.5671
Initialize mono
Mono path[0] = 'C:/Program Files/Unity/Hub/Editor/2020.3.4f1/Editor/Data/Managed'
Mono path[1] = 'C:/Program Files/Unity/Hub/Editor/2020.3.4f1/Editor/Data/MonoBleedingEdge/lib/mono/unityjit'
Mono config path = 'C:/Program Files/Unity/Hub/Editor/2020.3.4f1/Editor/Data/MonoBleedingEdge/etc'
Using monoOptions --debugger-agent=transport=dt_socket,embedding=1,server=y,suspend=n,address=127.0.0.1:56000
Begin MonoManager ReloadAssembly
Registering precompiled unity dll's ...
Register platform support module: C:/Program Files/Unity/Hub/Editor/2020.3.4f1/Editor/Data/PlaybackEngines/WebGLSupport/UnityEditor.WebGL.Extensions.dll
Register platform support module: C:/Program Files/Unity/Hub/Editor/2020.3.4f1/Editor/Data/PlaybackEngines/WindowsStandaloneSupport/UnityEditor.WindowsStandalone.Extensions.dll
Registered in 0.006064 seconds.
Native extension for WindowsStandalone target not found
Native extension for WebGL target not found
Refreshing native plugins compatible for Editor in 30.82 ms, found 0 plugins.
Preloading 0 native plugins for Editor in 0.00 ms.
Mono: successfully reloaded assembly
- Completed reload, in  3.898 seconds
Platform modules already initialized, skipping
Registering precompiled user dll's ...
Registered in 0.000835 seconds.
Begin MonoManager ReloadAssembly
Native extension for WindowsStandalone target not found
Native extension for WebGL target not found
Refreshing native plugins compatible for Editor in 0.23 ms, found 0 plugins.
Preloading 0 native plugins for Editor in 0.00 ms.
Mono: successfully reloaded assembly
- Completed reload, in  1.125 seconds
Platform modules already initialized, skipping
========================================================================
Worker process is ready to serve import requests
Launched and connected shader compiler UnityShaderCompiler.exe after 1.11 seconds
Refreshing native plugins compatible for Editor in 0.25 ms, found 0 plugins.
Preloading 0 native plugins for Editor in 0.00 ms.
Unloading 1161 Unused Serialized files (Serialized files now loaded: 0)
System memory in use before: 61.3 MB.
System memory in use after: 61.4 MB.

Unloading 10 unused Assets to reduce memory usage. Loaded Objects now: 1604.
Total: 2.261100 ms (FindLiveObjects: 0.442900 ms CreateObjectMapping: 0.079300 ms MarkObjects: 1.650100 ms  DeleteObjects: 0.087000 ms)

========================================================================
Received Import Request.
  path: Assets/Script/BossMissile.cs
  artifactKey: Guid(70bd786bb62204d489eef697cd4ed1c0) Importer(815301076,1909f56bfc062723c751e8b465ee728b)
Start importing Assets/Script/BossMissile.cs using Guid(70bd786bb62204d489eef697cd4ed1c0) Importer(815301076,1909f56bfc062723c751e8b465ee728b)  -> (artifact id: '2023ba3c8177f3e1f3c315a153e247b5') in 1.087672 seconds
  Import took 1.090254 seconds .

========================================================================
Received Import Request.
  Time since last request: 65.995924 seconds.
  path: Assets/Script/BossMissile.cs
  artifactKey: Guid(70bd786bb62204d489eef697cd4ed1c0) Importer(815301076,1909f56bfc062723c751e8b465ee728b)
Start importing Assets/Script/BossMissile.cs using Guid(70bd786bb62204d489eef697cd4ed1c0) Importer(815301076,1909f56bfc062723c751e8b465ee728b)  -> (artifact id: '3582d18201e543053d7495ea6398b8ee') in 0.213512 seconds
  Import took 0.218619 seconds .

========================================================================
Received Import Request.
  Time since last request: 1.263248 seconds.
  path: Assets/Script/BossMissile.cs
  artifactKey: Guid(70bd786bb62204d489eef697cd4ed1c0) Importer(815301076,1909f56bfc062723c751e8b465ee728b)
Start importing Assets/Script/BossMissile.cs using Guid(70bd786bb62204d489eef697cd4ed1c0) Importer(815301076,1909f56bfc062723c751e8b465ee728b)  -> (artifact id: '3582d18201e543053d7495ea6398b8ee') in 0.014808 seconds
  Import took 0.018998 seconds .

========================================================================
Received Prepare
Registering precompiled user dll's ...
Registered in 0.000723 seconds.
Begin MonoManager ReloadAssembly
Native extension for WindowsStandalone target not found
Native extension for WebGL target not found
Refreshing native plugins compatible for Editor in 1.85 ms, found 0 plugins.
Preloading 0 native plugins for Editor in 0.00 ms.
Mono: successfully reloaded assembly
- Completed reload, in  2.026 seconds
Platform modules already initialized, skipping
Refreshing native plugins compatible for Editor in 0.32 ms, found 0 plugins.
Preloading 0 native plugins for Editor in 0.00 ms.
Unloading 1156 Unused Serialized files (Serialized files now loaded: 0)
System memory in use before: 61.3 MB.
System memory in use after: 61.4 MB.

Unloading 5 unused Assets to reduce memory usage. Loaded Objects now: 1607.
Total: 1.690400 ms (FindLiveObjects: 0.132300 ms CreateObjectMapping: 0.038500 ms MarkObjects: 1.441500 ms  DeleteObjects: 0.063400 ms)

========================================================================
Received Prepare
Registering precompiled user dll's ...
Registered in 0.000935 seconds.
Begin MonoManager ReloadAssembly
Native extension for WindowsStandalone target not found
Native extension for WebGL target not found
Refreshing native plugins compatible for Editor in 0.37 ms, found 0 plugins.
Preloading 0 native plugins for Editor in 0.00 ms.
Mono: successfully reloaded assembly
- Completed reload, in  1.954 seconds
Platform modules already initialized, skipping
Refreshing native plugins compatible for Editor in 0.25 ms, found 0 plugins.
Preloading 0 native plugins for Editor in 0.00 ms.
Unloading 1156 Unused Serialized files (Serialized files now loaded: 0)
System memory in use before: 61.3 MB.
System memory in use after: 61.4 MB.

Unloading 5 unused Assets to reduce memory usage. Loaded Objects now: 1610.
Total: 1.766200 ms (FindLiveObjects: 0.177300 ms CreateObjectMapping: 0.048900 ms MarkObjects: 1.487100 ms  DeleteObjects: 0.051500 ms)

========================================================================
Received Prepare
Registering precompiled user dll's ...
Registered in 0.001005 seconds.
Begin MonoManager ReloadAssembly
Native extension for WindowsStandalone target not found
Native extension for WebGL target not found
Refreshing native plugins compatible for Editor in 0.30 ms, found 0 plugins.
Preloading 0 native plugins for Editor in 0.00 ms.
Mono: successfully reloaded assembly
- Completed reload, in  2.311 seconds
Platform modules already initialized, skipping
Refreshing native plugins compatible for Editor in 0.50 ms, found 0 plugins.
Preloading 0 native plugins for Editor in 0.00 ms.
Unloading 1156 Unused Serialized files (Serialized files now loaded: 0)
System memory in use before: 61.3 MB.
System memory in use after: 61.4 MB.

Unloading 5 unused Assets to reduce memory usage. Loaded Objects now: 1613.
Total: 2.232600 ms (FindLiveObjects: 0.139600 ms CreateObjectMapping: 0.055400 ms MarkObjects: 1.942500 ms  DeleteObjects: 0.093500 ms)

========================================================================
Received Prepare
Registering precompiled user dll's ...
Registered in 0.001808 seconds.
Begin MonoManager ReloadAssembly
Native extension for WindowsStandalone target not found
Native extension for WebGL target not found
Refreshing native plugins compatible for Editor in 0.31 ms, found 0 plugins.
Preloading 0 native plugins for Editor in 0.00 ms.
Mono: successfully reloaded assembly
- Completed reload, in  6.594 seconds
Platform modules already initialized, skipping
Refreshing native plugins compatible for Editor in 0.37 ms, found 0 plugins.
Preloading 0 native plugins for Editor in 0.00 ms.
Unloading 1156 Unused Serialized files (Serialized files now loaded: 0)
System memory in use before: 61.3 MB.
System memory in use after: 61.4 MB.

Unloading 5 unused Assets to reduce memory usage. Loaded Objects now: 1616.
Total: 4.353200 ms (FindLiveObjects: 0.648500 ms CreateObjectMapping: 1.359100 ms MarkObjects: 2.281800 ms  DeleteObjects: 0.062600 ms)

========================================================================
Received Import Request.
  Time since last request: 486.001395 seconds.
  path: Assets/Script/BossRock.cs
  artifactKey: Guid(7870ecdee7469ed4c8db565954c00618) Importer(815301076,1909f56bfc062723c751e8b465ee728b)
Start importing Assets/Script/BossRock.cs using Guid(7870ecdee7469ed4c8db565954c00618) Importer(815301076,1909f56bfc062723c751e8b465ee728b)  -> (artifact id: '533b16459b99170810ea0d13a3226f81') in 0.026546 seconds
  Import took 0.033453 seconds .

========================================================================
Received Prepare
Registering precompiled user dll's ...
Registered in 0.000912 seconds.
Begin MonoManager ReloadAssembly
Native extension for WindowsStandalone target not found
Native extension for WebGL target not found
Refreshing native plugins compatible for Editor in 0.43 ms, found 0 plugins.
Preloading 0 native plugins for Editor in 0.00 ms.
Mono: successfully reloaded assembly
- Completed reload, in  1.739 seconds
Platform modules already initialized, skipping
Refreshing native plugins compatible for Editor in 0.23 ms, found 0 plugins.
Preloading 0 native plugins for Editor in 0.00 ms.
Unloading 1157 Unused Serialized files (Serialized files now loaded: 0)
System memory in use before: 61.4 MB.
System memory in use after: 61.4 MB.

Unloading 5 unused Assets to reduce memory usage. Loaded Objects now: 1620.
Total: 2.631600 ms (FindLiveObjects: 0.298800 ms CreateObjectMapping: 0.083400 ms MarkObjects: 2.158500 ms  DeleteObjects: 0.088900 ms)

========================================================================
Received Prepare
Registering precompiled user dll's ...
Registered in 0.000810 seconds.
Begin MonoManager ReloadAssembly
Native extension for WindowsStandalone target not found
Native extension for WebGL target not found
Refreshing native plugins compatible for Editor in 0.27 ms, found 0 plugins.
Preloading 0 native plugins for Editor in 0.00 ms.
Mono: successfully reloaded assembly
- Completed reload, in  1.419 seconds
Platform modules already initialized, skipping
Refreshing native plugins compatible for Editor in 0.30 ms, found 0 plugins.
Preloading 0 native plugins for Editor in 0.00 ms.
Unloading 1157 Unused Serialized files (Serialized files now loaded: 0)
System memory in use before: 61.4 MB.
System memory in use after: 61.4 MB.

Unloading 5 unused Assets to reduce memory usage. Loaded Objects now: 1623.
Total: 6.558600 ms (FindLiveObjects: 0.268300 ms CreateObjectMapping: 0.919500 ms MarkObjects: 5.255500 ms  DeleteObjects: 0.112000 ms)

========================================================================
Received Import Request.
  Time since last request: 344.114292 seconds.
  path: Assets/Script/BossRock.cs
  artifactKey: Guid(7870ecdee7469ed4c8db565954c00618) Importer(815301076,1909f56bfc062723c751e8b465ee728b)
Start importing Assets/Script/BossRock.cs using Guid(7870ecdee7469ed4c8db565954c00618) Importer(815301076,1909f56bfc062723c751e8b465ee728b)  -> (artifact id: '5aae58d9b64067e5aae4b9996062f239') in 0.061851 seconds
  Import took 0.065104 seconds .

========================================================================
Received Prepare
Registering precompiled user dll's ...
Registered in 0.000911 seconds.
Begin MonoManager ReloadAssembly
Native extension for WindowsStandalone target not found
Native extension for WebGL target not found
Refreshing native plugins compatible for Editor in 0.23 ms, found 0 plugins.
Preloading 0 native plugins for Editor in 0.00 ms.
Mono: successfully reloaded assembly
- Completed reload, in  1.379 seconds
Platform modules already initialized, skipping
Refreshing native plugins compatible for Editor in 0.32 ms, found 0 plugins.
Preloading 0 native plugins for Editor in 0.00 ms.
Unloading 1157 Unused Serialized files (Serialized files now loaded: 0)
System memory in use before: 61.4 MB.
System memory in use after: 61.5 MB.

Unloading 5 unused Assets to reduce memory usage. Loaded Objects now: 1626.
Total: 2.446500 ms (FindLiveObjects: 0.198700 ms CreateObjectMapping: 0.055800 ms MarkObjects: 2.089700 ms  DeleteObjects: 0.100900 ms)

========================================================================
Received Prepare
Registering precompiled user dll's ...
Registered in 0.000803 seconds.
Begin MonoManager ReloadAssembly
Native extension for WindowsStandalone target not found
Native extension for WebGL target not found
Refreshing native plugins compatible for Editor in 0.23 ms, found 0 plugins.
Preloading 0 native plugins for Editor in 0.00 ms.
Mono: successfully reloaded assembly
- Completed reload, in  1.254 seconds
Platform modules already initialized, skipping
Refreshing native plugins compatible for Editor in 0.24 ms, found 0 plugins.
Preloading 0 native plugins for Editor in 0.00 ms.
Unloading 1157 Unused Serialized files (Serialized files now loaded: 0)
System memory in use before: 61.4 MB.
System memory in use after: 61.5 MB.

Unloading 5 unused Assets to reduce memory usage. Loaded Objects now: 1629.
Total: 2.377000 ms (FindLiveObjects: 0.188700 ms CreateObjectMapping: 0.164100 ms MarkObjects: 1.966300 ms  DeleteObjects: 0.056300 ms)

========================================================================
Received Import Request.
  Time since last request: 226.905891 seconds.
  path: Assets/Prefabs/Bullet Case.prefab
  artifactKey: Guid(f42391b1b82e8b841af42b5632e891e6) Importer(815301076,1909f56bfc062723c751e8b465ee728b)
Start importing Assets/Prefabs/Bullet Case.prefab using Guid(f42391b1b82e8b841af42b5632e891e6) Importer(815301076,1909f56bfc062723c751e8b465ee728b)  -> (artifact id: '1ddb6bee8352a73bc277bc6877cda2d4') in 0.173934 seconds
  Import took 0.178574 seconds .

========================================================================
Received Import Request.
  Time since last request: 0.000302 seconds.
  path: Assets/Prefabs/Bullet HandGun.prefab
  artifactKey: Guid(e57d285c37cdb7845911daefb44d09c2) Importer(815301076,1909f56bfc062723c751e8b465ee728b)
Start importing Assets/Prefabs/Bullet HandGun.prefab using Guid(e57d285c37cdb7845911daefb44d09c2) Importer(815301076,1909f56bfc062723c751e8b465ee728b)  -> (artifact id: '1e075111401493b46d6f57ac9a9f939e') in 0.039768 seconds
  Import took 0.044634 seconds .

========================================================================
Received Import Request.
  Time since last request: 0.000313 seconds.
  path: Assets/Prefabs/Bullet SubMachineGun.prefab
  artifactKey: Guid(fc41216ba4a15834d85f4105c305658e) Importer(815301076,1909f56bfc062723c751e8b465ee728b)
Start importing Assets/Prefabs/Bullet SubMachineGun.prefab using Guid(fc41216ba4a15834d85f4105c305658e) Importer(815301076,1909f56bfc062723c751e8b465ee728b)  -> (artifact id: 'd422c054081559c57f463201ffa26245') in 0.022744 seconds
  Import took 0.303667 seconds .

========================================================================
Received Import Request.
  Time since last request: 0.000266 seconds.
  path: Assets/Prefabs/Missile.prefab
  artifactKey: Guid(49a9f1a29c405aa479802da7fd90351b) Importer(815301076,1909f56bfc062723c751e8b465ee728b)
Start importing Assets/Prefabs/Missile.prefab using Guid(49a9f1a29c405aa479802da7fd90351b) Importer(815301076,1909f56bfc062723c751e8b465ee728b)  -> (artifact id: 'e0c04c59287d6cf6e9c47a0ac1f69895') in 0.070471 seconds
  Import took 0.073978 seconds .

========================================================================
Received Prepare
Registering precompiled user dll's ...
Registered in 0.001018 seconds.
Begin MonoManager ReloadAssembly
Native extension for WindowsStandalone target not found
Native extension for WebGL target not found
Refreshing native plugins compatible for Editor in 0.24 ms, found 0 plugins.
Preloading 0 native plugins for Editor in 0.00 ms.
Mono: successfully reloaded assembly
- Completed reload, in  1.495 seconds
Platform modules already initialized, skipping
Refreshing native plugins compatible for Editor in 0.23 ms, found 0 plugins.
Preloading 0 native plugins for Editor in 0.00 ms.
Unloading 1157 Unused Serialized files (Serialized files now loaded: 0)
System memory in use before: 64.5 MB.
System memory in use after: 64.6 MB.

Unloading 6 unused Assets to reduce memory usage. Loaded Objects now: 1639.
Total: 2.949000 ms (FindLiveObjects: 1.027200 ms CreateObjectMapping: 0.140100 ms MarkObjects: 1.718800 ms  DeleteObjects: 0.061400 ms)

========================================================================
Received Import Request.
  Time since last request: 5.854987 seconds.
  path: Assets/Prefabs/Boss Rock.prefab
  artifactKey: Guid(0beaf00384793a943a1a4746a40fb604) Importer(815301076,1909f56bfc062723c751e8b465ee728b)
Start importing Assets/Prefabs/Boss Rock.prefab using Guid(0beaf00384793a943a1a4746a40fb604) Importer(815301076,1909f56bfc062723c751e8b465ee728b)  -> (artifact id: '2f0bad22e04ef024a53240f00e1d00a1') in 0.091168 seconds
  Import took 0.093884 seconds .

========================================================================
Received Import Request.
  Time since last request: 2.893549 seconds.
  path: Assets/Prefabs/Missile Boss.prefab
  artifactKey: Guid(746c8b17b6dc22e428e3367f8fac5e87) Importer(815301076,1909f56bfc062723c751e8b465ee728b)
Start importing Assets/Prefabs/Missile Boss.prefab using Guid(746c8b17b6dc22e428e3367f8fac5e87) Importer(815301076,1909f56bfc062723c751e8b465ee728b)  -> (artifact id: '8536cfcf5fecafdb2a2f60df1994e6d2') in 0.030785 seconds
  Import took 0.036018 seconds .

========================================================================
Received Import Request.
  Time since last request: 28.265238 seconds.
  path: Assets/Prefabs/Boss Missile.prefab
  artifactKey: Guid(746c8b17b6dc22e428e3367f8fac5e87) Importer(815301076,1909f56bfc062723c751e8b465ee728b)
Start importing Assets/Prefabs/Boss Missile.prefab using Guid(746c8b17b6dc22e428e3367f8fac5e87) Importer(815301076,1909f56bfc062723c751e8b465ee728b)  -> (artifact id: 'fd07b842290bddfb24937d54b02a8e1d') in 0.041613 seconds
  Import took 0.045599 seconds .

========================================================================
Received Import Request.
  Time since last request: 6.494036 seconds.
  path: Assets/Prefabs/Boss Missile.prefab
  artifactKey: Guid(746c8b17b6dc22e428e3367f8fac5e87) Importer(815301076,1909f56bfc062723c751e8b465ee728b)
Start importing Assets/Prefabs/Boss Missile.prefab using Guid(746c8b17b6dc22e428e3367f8fac5e87) Importer(815301076,1909f56bfc062723c751e8b465ee728b)  -> (artifact id: '4c2d1a282401c27b4ae3185860ba80c4') in 0.217337 seconds
  Import took 0.220912 seconds .

========================================================================
Received Import Request.
  Time since last request: 13.600784 seconds.
  path: Assets/Prefabs/Boss Missile.prefab
  artifactKey: Guid(746c8b17b6dc22e428e3367f8fac5e87) Importer(815301076,1909f56bfc062723c751e8b465ee728b)
Start importing Assets/Prefabs/Boss Missile.prefab using Guid(746c8b17b6dc22e428e3367f8fac5e87) Importer(815301076,1909f56bfc062723c751e8b465ee728b)  -> (artifact id: '54032d283b188bec3a09c612f46ccc53') in 0.023142 seconds
  Import took 0.029963 seconds .

========================================================================
Received Import Request.
  Time since last request: 13.180473 seconds.
  path: Assets/Prefabs/Boss Rock.prefab
  artifactKey: Guid(0beaf00384793a943a1a4746a40fb604) Importer(815301076,1909f56bfc062723c751e8b465ee728b)
Start importing Assets/Prefabs/Boss Rock.prefab using Guid(0beaf00384793a943a1a4746a40fb604) Importer(815301076,1909f56bfc062723c751e8b465ee728b)  -> (artifact id: 'fbcff89ac213c04bfdd8f1eef71c3713') in 0.021836 seconds
  Import took 0.025031 seconds .

========================================================================
Received Import Request.
  Time since last request: 0.377970 seconds.
  path: Assets/Prefabs/Boss Rock.prefab
  artifactKey: Guid(0beaf00384793a943a1a4746a40fb604) Importer(815301076,1909f56bfc062723c751e8b465ee728b)
Start importing Assets/Prefabs/Boss Rock.prefab using Guid(0beaf00384793a943a1a4746a40fb604) Importer(815301076,1909f56bfc062723c751e8b465ee728b)  -> (artifact id: '86abf464f7f8eb7d93dc9dc36bd60d7c') in 0.028379 seconds
  Import took 0.033470 seconds .

========================================================================
Received Import Request.
  Time since last request: 4.190351 seconds.
  path: Assets/Prefabs/Boss Rock.prefab
  artifactKey: Guid(0beaf00384793a943a1a4746a40fb604) Importer(815301076,1909f56bfc062723c751e8b465ee728b)
Start importing Assets/Prefabs/Boss Rock.prefab using Guid(0beaf00384793a943a1a4746a40fb604) Importer(815301076,1909f56bfc062723c751e8b465ee728b)  -> (artifact id: '558b293bbe4f7bd231f3da89e7eca9e7') in 0.229098 seconds
  Import took 0.234505 seconds .

========================================================================
Received Import Request.
  Time since last request: 37.546292 seconds.
  path: Assets/Prefabs/Boss Missile.prefab
  artifactKey: Guid(746c8b17b6dc22e428e3367f8fac5e87) Importer(815301076,1909f56bfc062723c751e8b465ee728b)
Start importing Assets/Prefabs/Boss Missile.prefab using Guid(746c8b17b6dc22e428e3367f8fac5e87) Importer(815301076,1909f56bfc062723c751e8b465ee728b)  -> (artifact id: '99d32374de18f77ffb8c1394669f923e') in 0.023784 seconds
  Import took 0.026680 seconds .

========================================================================
Received Import Request.
  Time since last request: 37.336962 seconds.
  path: Assets/Prefabs/Boss Missile.prefab
  artifactKey: Guid(746c8b17b6dc22e428e3367f8fac5e87) Importer(815301076,1909f56bfc062723c751e8b465ee728b)
Start importing Assets/Prefabs/Boss Missile.prefab using Guid(746c8b17b6dc22e428e3367f8fac5e87) Importer(815301076,1909f56bfc062723c751e8b465ee728b)  -> (artifact id: '8d64fb63574c349fc8eb31063a039fa2') in 0.228926 seconds
  Import took 0.232815 seconds .

========================================================================
Received Import Request.
  Time since last request: 18.211514 seconds.
  path: Assets/Prefabs/Boss Missile.prefab
  artifactKey: Guid(746c8b17b6dc22e428e3367f8fac5e87) Importer(815301076,1909f56bfc062723c751e8b465ee728b)
Start importing Assets/Prefabs/Boss Missile.prefab using Guid(746c8b17b6dc22e428e3367f8fac5e87) Importer(815301076,1909f56bfc062723c751e8b465ee728b)  -> (artifact id: '9f9343e610ac3f726f62d11a307097b2') in 0.312767 seconds
  Import took 0.317150 seconds .

========================================================================
Received Import Request.
  Time since last request: 6.664075 seconds.
  path: Assets/Prefabs/Boss Missile.prefab
  artifactKey: Guid(746c8b17b6dc22e428e3367f8fac5e87) Importer(815301076,1909f56bfc062723c751e8b465ee728b)
Start importing Assets/Prefabs/Boss Missile.prefab using Guid(746c8b17b6dc22e428e3367f8fac5e87) Importer(815301076,1909f56bfc062723c751e8b465ee728b)  -> (artifact id: '8d4e684bac6da09c3848890e80efdd75') in 0.019580 seconds
  Import took 0.022966 seconds .

========================================================================
Received Prepare
Registering precompiled user dll's ...
Registered in 0.001525 seconds.
Begin MonoManager ReloadAssembly
Native extension for WindowsStandalone target not found
Native extension for WebGL target not found
Refreshing native plugins compatible for Editor in 0.83 ms, found 0 plugins.
Preloading 0 native plugins for Editor in 0.00 ms.
Mono: successfully reloaded assembly
- Completed reload, in  1.366 seconds
Platform modules already initialized, skipping
Refreshing native plugins compatible for Editor in 0.25 ms, found 0 plugins.
Preloading 0 native plugins for Editor in 0.00 ms.
Unloading 1157 Unused Serialized files (Serialized files now loaded: 0)
System memory in use before: 64.5 MB.
System memory in use after: 64.6 MB.

Unloading 6 unused Assets to reduce memory usage. Loaded Objects now: 1643.
Total: 1.853700 ms (FindLiveObjects: 0.247900 ms CreateObjectMapping: 0.061200 ms MarkObjects: 1.470000 ms  DeleteObjects: 0.073500 ms)

========================================================================
Received Import Request.
  Time since last request: 543.359118 seconds.
  path: Assets/Script/Boss.cs
  artifactKey: Guid(b762dec0d6b1eda44a7785609c05e794) Importer(815301076,1909f56bfc062723c751e8b465ee728b)
Start importing Assets/Script/Boss.cs using Guid(b762dec0d6b1eda44a7785609c05e794) Importer(815301076,1909f56bfc062723c751e8b465ee728b)  -> (artifact id: 'c43dc8c99baacaeb52d05703b3784fa3') in 0.023999 seconds
  Import took 0.027160 seconds .

========================================================================
Received Prepare
Registering precompiled user dll's ...
Registered in 0.000872 seconds.
Begin MonoManager ReloadAssembly
Native extension for WindowsStandalone target not found
Native extension for WebGL target not found
Refreshing native plugins compatible for Editor in 0.26 ms, found 0 plugins.
Preloading 0 native plugins for Editor in 0.00 ms.
Mono: successfully reloaded assembly
- Completed reload, in  1.640 seconds
Platform modules already initialized, skipping
Refreshing native plugins compatible for Editor in 0.30 ms, found 0 plugins.
Preloading 0 native plugins for Editor in 0.00 ms.
Unloading 1158 Unused Serialized files (Serialized files now loaded: 0)
System memory in use before: 64.6 MB.
System memory in use after: 64.6 MB.

Unloading 5 unused Assets to reduce memory usage. Loaded Objects now: 1647.
Total: 4.514700 ms (FindLiveObjects: 2.375700 ms CreateObjectMapping: 0.119900 ms MarkObjects: 1.949400 ms  DeleteObjects: 0.068500 ms)

========================================================================
Received Prepare
Registering precompiled user dll's ...
Registered in 0.000801 seconds.
Begin MonoManager ReloadAssembly
Native extension for WindowsStandalone target not found
Native extension for WebGL target not found
Refreshing native plugins compatible for Editor in 0.24 ms, found 0 plugins.
Preloading 0 native plugins for Editor in 0.00 ms.
Mono: successfully reloaded assembly
- Completed reload, in  1.398 seconds
Platform modules already initialized, skipping
Refreshing native plugins compatible for Editor in 0.24 ms, found 0 plugins.
Preloading 0 native plugins for Editor in 0.00 ms.
Unloading 1158 Unused Serialized files (Serialized files now loaded: 0)
System memory in use before: 64.6 MB.
System memory in use after: 64.6 MB.

Unloading 5 unused Assets to reduce memory usage. Loaded Objects now: 1650.
Total: 1.857400 ms (FindLiveObjects: 0.155700 ms CreateObjectMapping: 0.047100 ms MarkObjects: 1.592700 ms  DeleteObjects: 0.060600 ms)

========================================================================
Received Import Request.
  Time since last request: 306.013781 seconds.
  path: Assets/Script/Boss.cs
  artifactKey: Guid(b762dec0d6b1eda44a7785609c05e794) Importer(815301076,1909f56bfc062723c751e8b465ee728b)
Start importing Assets/Script/Boss.cs using Guid(b762dec0d6b1eda44a7785609c05e794) Importer(815301076,1909f56bfc062723c751e8b465ee728b)  -> (artifact id: '49a9eb8c8f50317e4c44ef3b1c45d998') in 0.015199 seconds
  Import took 0.018519 seconds .

========================================================================
Received Prepare
Registering precompiled user dll's ...
Registered in 0.000816 seconds.
Begin MonoManager ReloadAssembly
Native extension for WindowsStandalone target not found
Native extension for WebGL target not found
Refreshing native plugins compatible for Editor in 0.57 ms, found 0 plugins.
Preloading 0 native plugins for Editor in 0.00 ms.
Mono: successfully reloaded assembly
- Completed reload, in  1.310 seconds
Platform modules already initialized, skipping
Refreshing native plugins compatible for Editor in 0.30 ms, found 0 plugins.
Preloading 0 native plugins for Editor in 0.00 ms.
Unloading 1158 Unused Serialized files (Serialized files now loaded: 0)
System memory in use before: 64.6 MB.
System memory in use after: 64.7 MB.

Unloading 5 unused Assets to reduce memory usage. Loaded Objects now: 1653.
Total: 2.330500 ms (FindLiveObjects: 0.166300 ms CreateObjectMapping: 0.075000 ms MarkObjects: 1.991800 ms  DeleteObjects: 0.096100 ms)

========================================================================
Received Prepare
Registering precompiled user dll's ...
Registered in 0.000841 seconds.
Begin MonoManager ReloadAssembly
Native extension for WindowsStandalone target not found
Native extension for WebGL target not found
Refreshing native plugins compatible for Editor in 0.24 ms, found 0 plugins.
Preloading 0 native plugins for Editor in 0.00 ms.
Mono: successfully reloaded assembly
- Completed reload, in  1.294 seconds
Platform modules already initialized, skipping
Refreshing native plugins compatible for Editor in 0.22 ms, found 0 plugins.
Preloading 0 native plugins for Editor in 0.00 ms.
Unloading 1158 Unused Serialized files (Serialized files now loaded: 0)
System memory in use before: 64.6 MB.
System memory in use after: 64.7 MB.

Unloading 5 unused Assets to reduce memory usage. Loaded Objects now: 1656.
Total: 1.949400 ms (FindLiveObjects: 0.174900 ms CreateObjectMapping: 0.062200 ms MarkObjects: 1.656800 ms  DeleteObjects: 0.054400 ms)

========================================================================
Received Prepare
Registering precompiled user dll's ...
Registered in 0.000793 seconds.
Begin MonoManager ReloadAssembly
Native extension for WindowsStandalone target not found
Native extension for WebGL target not found
Refreshing native plugins compatible for Editor in 0.29 ms, found 0 plugins.
Preloading 0 native plugins for Editor in 0.00 ms.
Mono: successfully reloaded assembly
- Completed reload, in  1.640 seconds
Platform modules already initialized, skipping
Refreshing native plugins compatible for Editor in 0.24 ms, found 0 plugins.
Preloading 0 native plugins for Editor in 0.00 ms.
Unloading 1158 Unused Serialized files (Serialized files now loaded: 0)
System memory in use before: 64.6 MB.
System memory in use after: 64.7 MB.

Unloading 5 unused Assets to reduce memory usage. Loaded Objects now: 1659.
Total: 2.193500 ms (FindLiveObjects: 0.154900 ms CreateObjectMapping: 0.045500 ms MarkObjects: 1.934000 ms  DeleteObjects: 0.057300 ms)

========================================================================
Received Prepare
Registering precompiled user dll's ...
Registered in 0.000893 seconds.
Begin MonoManager ReloadAssembly
Native extension for WindowsStandalone target not found
Native extension for WebGL target not found
Refreshing native plugins compatible for Editor in 0.30 ms, found 0 plugins.
Preloading 0 native plugins for Editor in 0.00 ms.
Mono: successfully reloaded assembly
- Completed reload, in  1.986 seconds
Platform modules already initialized, skipping
Refreshing native plugins compatible for Editor in 0.33 ms, found 0 plugins.
Preloading 0 native plugins for Editor in 0.00 ms.
Unloading 1158 Unused Serialized files (Serialized files now loaded: 0)
System memory in use before: 64.6 MB.
System memory in use after: 64.7 MB.

Unloading 5 unused Assets to reduce memory usage. Loaded Objects now: 1662.
Total: 4.302100 ms (FindLiveObjects: 0.252500 ms CreateObjectMapping: 0.048600 ms MarkObjects: 3.856200 ms  DeleteObjects: 0.142900 ms)

========================================================================
Received Prepare
Registering precompiled user dll's ...
Registered in 0.000823 seconds.
Begin MonoManager ReloadAssembly
Native extension for WindowsStandalone target not found
Native extension for WebGL target not found
Refreshing native plugins compatible for Editor in 0.24 ms, found 0 plugins.
Preloading 0 native plugins for Editor in 0.00 ms.
Mono: successfully reloaded assembly
- Completed reload, in  1.382 seconds
Platform modules already initialized, skipping
Refreshing native plugins compatible for Editor in 0.27 ms, found 0 plugins.
Preloading 0 native plugins for Editor in 0.00 ms.
Unloading 1158 Unused Serialized files (Serialized files now loaded: 0)
System memory in use before: 64.6 MB.
System memory in use after: 64.7 MB.

Unloading 5 unused Assets to reduce memory usage. Loaded Objects now: 1665.
Total: 1.984000 ms (FindLiveObjects: 0.171700 ms CreateObjectMapping: 0.053700 ms MarkObjects: 1.671900 ms  DeleteObjects: 0.085600 ms)

========================================================================
Received Prepare
Registering precompiled user dll's ...
Registered in 0.000794 seconds.
Begin MonoManager ReloadAssembly
Native extension for WindowsStandalone target not found
Native extension for WebGL target not found
Refreshing native plugins compatible for Editor in 0.23 ms, found 0 plugins.
Preloading 0 native plugins for Editor in 0.00 ms.
Mono: successfully reloaded assembly
- Completed reload, in  1.008 seconds
Platform modules already initialized, skipping
Refreshing native plugins compatible for Editor in 0.36 ms, found 0 plugins.
Preloading 0 native plugins for Editor in 0.00 ms.
Unloading 1158 Unused Serialized files (Serialized files now loaded: 0)
System memory in use before: 64.6 MB.
System memory in use after: 64.7 MB.

Unloading 5 unused Assets to reduce memory usage. Loaded Objects now: 1668.
Total: 1.957400 ms (FindLiveObjects: 0.243200 ms CreateObjectMapping: 0.102600 ms MarkObjects: 1.543400 ms  DeleteObjects: 0.067000 ms)

AssetImportWorkerClient::OnTransportError - code=2 error=End of file
